\BOOKMARK [1][-]{section*.3}{A}{}% 1
\BOOKMARK [1][-]{section*.15}{B}{}% 2
\BOOKMARK [1][-]{section*.23}{C}{}% 3
\BOOKMARK [1][-]{section*.52}{D}{}% 4
\BOOKMARK [1][-]{section*.62}{E}{}% 5
\BOOKMARK [1][-]{section*.69}{F}{}% 6
\BOOKMARK [1][-]{section*.73}{G}{}% 7
\BOOKMARK [1][-]{section*.81}{I}{}% 8
\BOOKMARK [1][-]{section*.88}{J}{}% 9
\BOOKMARK [1][-]{section*.90}{L}{}% 10
\BOOKMARK [1][-]{section*.94}{M}{}% 11
\BOOKMARK [1][-]{section*.124}{N}{}% 12
\BOOKMARK [1][-]{section*.126}{O}{}% 13
\BOOKMARK [1][-]{section*.129}{P}{}% 14
\BOOKMARK [1][-]{section*.156}{Q}{}% 15
\BOOKMARK [1][-]{section*.159}{R}{}% 16
\BOOKMARK [1][-]{section*.170}{S}{}% 17
\BOOKMARK [1][-]{section*.197}{T}{}% 18
\BOOKMARK [1][-]{section*.213}{U}{}% 19
\BOOKMARK [1][-]{section*.216}{V}{}% 20
\BOOKMARK [1][-]{section*.224}{W}{}% 21
\BOOKMARK [1][-]{section*.228}{X}{}% 22
\BOOKMARK [1][-]{section*.229}{Y}{}% 23
\BOOKMARK [1][-]{section*.230}{Z}{}% 24
